<?xml version="1.0" encoding="UTF-8"?>
<testsuite name="com.example.renderapp.RenderAppApplicationTests" tests="1" skipped="0" failures="0" errors="0" timestamp="2024-02-21T07:03:06" hostname="EGOISTE" time="1.132">
  <properties/>
  <testcase name="contextLoads()" classname="com.example.renderapp.RenderAppApplicationTests" time="1.132"/>
  <system-out><![CDATA[12:03:03.925 [Test worker] INFO org.springframework.test.context.support.AnnotationConfigContextLoaderUtils -- Could not detect default configuration classes for test class [com.example.renderapp.RenderAppApplicationTests]: RenderAppApplicationTests does not declare any static, non-private, non-final, nested classes annotated with @Configuration.
12:03:04.075 [Test worker] INFO org.springframework.boot.test.context.SpringBootTestContextBootstrapper -- Found @SpringBootConfiguration com.example.renderapp.RenderAppApplication for test class com.example.renderapp.RenderAppApplicationTests

  .   ____          _            __ _ _
 /\\ / ___'_ __ _ _(_)_ __  __ _ \ \ \ \
( ( )\___ | '_ | '_| | '_ \/ _` | \ \ \ \
 \\/  ___)| |_)| | | | | || (_| |  ) ) ) )
  '  |____| .__|_| |_|_| |_\__, | / / / /
 =========|_|==============|___/=/_/_/_/
 :: Spring Boot ::                (v3.2.2)

2024-02-21T12:03:04.525+05:00  INFO 13996 --- [    Test worker] c.e.renderapp.RenderAppApplicationTests  : Starting RenderAppApplicationTests using Java 21.0.2 with PID 13996 (started by Sirojiddin in D:\Java\render-app)
2024-02-21T12:03:04.525+05:00  INFO 13996 --- [    Test worker] c.e.renderapp.RenderAppApplicationTests  : No active profile set, falling back to 1 default profile: "default"
2024-02-21T12:03:06.107+05:00  INFO 13996 --- [    Test worker] c.e.renderapp.RenderAppApplicationTests  : Started RenderAppApplicationTests in 1.794 seconds (process running for 3.173)
]]></system-out>
  <system-err><![CDATA[WARNING: A Java agent has been loaded dynamically (C:\Users\nizom\.gradle\caches\modules-2\files-2.1\net.bytebuddy\byte-buddy-agent\1.14.11\f9cb566608fbac6bc7bf54901a7aa11543a989ee\byte-buddy-agent-1.14.11.jar)
WARNING: If a serviceability tool is in use, please run with -XX:+EnableDynamicAgentLoading to hide this warning
WARNING: If a serviceability tool is not in use, please run with -Djdk.instrument.traceUsage for more information
WARNING: Dynamic loading of agents will be disallowed by default in a future release
]]></system-err>
</testsuite>
